<?xml version="1.0" encoding="UTF-8"?>
<coverage generated="1545889397744" clover="3.2.0">
  <project timestamp="1545889397744" name="All files">
    <metrics statements="53" coveredstatements="44" conditionals="32" coveredconditionals="21" methods="10" coveredmethods="7" elements="95" coveredelements="72" complexity="0" loc="53" ncloc="53" packages="2" files="2" classes="2">
      <package name="components">
        <metrics statements="0" coveredstatements="0" conditionals="0" coveredconditionals="0" methods="0" coveredmethods="0"/>
        <file name="index.js" path="D:\myProgram\Udesk-storybook\storybook-react\components\index.js">
          <metrics statements="0" coveredstatements="0" conditionals="0" coveredconditionals="0" methods="0" coveredmethods="0"/>
        </file>
      </package>
      <package name="components.Pagination">
        <metrics statements="53" coveredstatements="44" conditionals="32" coveredconditionals="21" methods="10" coveredmethods="7"/>
        <file name="index.js" path="D:\myProgram\Udesk-storybook\storybook-react\components\Pagination\index.js">
          <metrics statements="53" coveredstatements="44" conditionals="32" coveredconditionals="21" methods="10" coveredmethods="7"/>
          <line num="13" count="1" type="stmt"/>
          <line num="14" count="1" type="stmt"/>
          <line num="25" count="1" type="stmt"/>
          <line num="26" count="1" type="stmt"/>
          <line num="27" count="1" type="cond" truecount="1" falsecount="1"/>
          <line num="28" count="1" type="stmt"/>
          <line num="30" count="0" type="stmt"/>
          <line num="35" count="0" type="stmt"/>
          <line num="36" count="0" type="cond" truecount="0" falsecount="2"/>
          <line num="40" count="0" type="stmt"/>
          <line num="44" count="0" type="stmt"/>
          <line num="53" count="2" type="stmt"/>
          <line num="54" count="2" type="stmt"/>
          <line num="55" count="2" type="stmt"/>
          <line num="56" count="2" type="cond" truecount="3" falsecount="1"/>
          <line num="57" count="0" type="stmt"/>
          <line num="59" count="2" type="cond" truecount="3" falsecount="1"/>
          <line num="60" count="0" type="stmt"/>
          <line num="64" count="8" type="stmt"/>
          <line num="67" count="8" type="stmt"/>
          <line num="70" count="1" type="stmt"/>
          <line num="77" count="2" type="stmt"/>
          <line num="79" count="2" type="cond" truecount="2" falsecount="0"/>
          <line num="80" count="1" type="stmt"/>
          <line num="82" count="2" type="stmt"/>
          <line num="83" count="2" type="stmt"/>
          <line num="84" count="2" type="cond" truecount="2" falsecount="0"/>
          <line num="85" count="1" type="stmt"/>
          <line num="87" count="2" type="stmt"/>
          <line num="88" count="2" type="cond" truecount="1" falsecount="1"/>
          <line num="89" count="0" type="stmt"/>
          <line num="92" count="2" type="cond" truecount="2" falsecount="0"/>
          <line num="93" count="1" type="stmt"/>
          <line num="95" count="2" type="stmt"/>
          <line num="96" count="1" type="stmt"/>
          <line num="98" count="2" type="stmt"/>
          <line num="99" count="4" type="stmt"/>
          <line num="102" count="2" type="cond" truecount="1" falsecount="1"/>
          <line num="103" count="2" type="stmt"/>
          <line num="106" count="2" type="stmt"/>
          <line num="108" count="2" type="stmt"/>
          <line num="120" count="2" type="stmt"/>
          <line num="121" count="2" type="stmt"/>
          <line num="122" count="2" type="stmt"/>
          <line num="123" count="2" type="cond" truecount="1" falsecount="1"/>
          <line num="124" count="0" type="stmt"/>
          <line num="129" count="3" type="stmt"/>
          <line num="130" count="3" type="stmt"/>
          <line num="131" count="3" type="stmt"/>
          <line num="133" count="3" type="stmt"/>
          <line num="135" count="3" type="stmt"/>
          <line num="157" count="1" type="stmt"/>
          <line num="181" count="1" type="stmt"/>
        </file>
      </package>
    </metrics>
  </project>
</coverage>
