{"D:\\myProgram\\Udesk-storybook\\storybook-react\\components\\index.js": {"path":"D:\\myProgram\\Udesk-storybook\\storybook-react\\components\\index.js","statementMap":{},"fnMap":{},"branchMap":{},"s":{},"f":{},"b":{},"_coverageSchema":"332fd63041d2c1bcb487cc26dd0d5f7d97098a6c","hash":"cfa0d0932ad56c50e2488f2f8c9e3b2068b25af4"}
,"D:\\myProgram\\Udesk-storybook\\storybook-react\\components\\Pagination\\index.js": {"path":"D:\\myProgram\\Udesk-storybook\\storybook-react\\components\\Pagination\\index.js","statementMap":{"0":{"start":{"line":13,"column":4},"end":{"line":13,"column":17}},"1":{"start":{"line":14,"column":4},"end":{"line":21,"column":6}},"2":{"start":{"line":25,"column":39},"end":{"line":25,"column":49}},"3":{"start":{"line":26,"column":39},"end":{"line":26,"column":49}},"4":{"start":{"line":27,"column":4},"end":{"line":31,"column":5}},"5":{"start":{"line":28,"column":6},"end":{"line":28,"column":31}},"6":{"start":{"line":30,"column":6},"end":{"line":30,"column":48}},"7":{"start":{"line":35,"column":32},"end":{"line":35,"column":41}},"8":{"start":{"line":36,"column":4},"end":{"line":36,"column":44}},"9":{"start":{"line":40,"column":4},"end":{"line":40,"column":44}},"10":{"start":{"line":44,"column":4},"end":{"line":44,"column":44}},"11":{"start":{"line":53,"column":17},"end":{"line":53,"column":21}},"12":{"start":{"line":54,"column":31},"end":{"line":54,"column":41}},"13":{"start":{"line":55,"column":27},"end":{"line":55,"column":29}},"14":{"start":{"line":56,"column":4},"end":{"line":58,"column":5}},"15":{"start":{"line":57,"column":6},"end":{"line":57,"column":27}},"16":{"start":{"line":59,"column":4},"end":{"line":61,"column":5}},"17":{"start":{"line":60,"column":6},"end":{"line":60,"column":18}},"18":{"start":{"line":64,"column":23},"end":{"line":66,"column":8}},"19":{"start":{"line":67,"column":6},"end":{"line":73,"column":15}},"20":{"start":{"line":70,"column":23},"end":{"line":70,"column":44}},"21":{"start":{"line":77,"column":4},"end":{"line":77,"column":26}},"22":{"start":{"line":79,"column":4},"end":{"line":81,"column":5}},"23":{"start":{"line":80,"column":6},"end":{"line":80,"column":17}},"24":{"start":{"line":82,"column":17},"end":{"line":82,"column":49}},"25":{"start":{"line":83,"column":21},"end":{"line":83,"column":35}},"26":{"start":{"line":84,"column":4},"end":{"line":86,"column":5}},"27":{"start":{"line":85,"column":6},"end":{"line":85,"column":21}},"28":{"start":{"line":87,"column":19},"end":{"line":87,"column":54}},"29":{"start":{"line":88,"column":4},"end":{"line":90,"column":5}},"30":{"start":{"line":89,"column":6},"end":{"line":89,"column":31}},"31":{"start":{"line":92,"column":4},"end":{"line":94,"column":5}},"32":{"start":{"line":93,"column":6},"end":{"line":93,"column":87}},"33":{"start":{"line":95,"column":4},"end":{"line":97,"column":5}},"34":{"start":{"line":96,"column":6},"end":{"line":96,"column":17}},"35":{"start":{"line":98,"column":4},"end":{"line":100,"column":5}},"36":{"start":{"line":99,"column":6},"end":{"line":99,"column":17}},"37":{"start":{"line":102,"column":4},"end":{"line":104,"column":5}},"38":{"start":{"line":103,"column":6},"end":{"line":103,"column":87}},"39":{"start":{"line":106,"column":4},"end":{"line":106,"column":27}},"40":{"start":{"line":108,"column":4},"end":{"line":112,"column":7}},"41":{"start":{"line":120,"column":25},"end":{"line":120,"column":35}},"42":{"start":{"line":121,"column":26},"end":{"line":121,"column":36}},"43":{"start":{"line":122,"column":4},"end":{"line":122,"column":42}},"44":{"start":{"line":123,"column":4},"end":{"line":125,"column":5}},"45":{"start":{"line":124,"column":6},"end":{"line":124,"column":48}},"46":{"start":{"line":129,"column":33},"end":{"line":129,"column":43}},"47":{"start":{"line":130,"column":55},"end":{"line":130,"column":65}},"48":{"start":{"line":131,"column":21},"end":{"line":131,"column":34}},"49":{"start":{"line":133,"column":21},"end":{"line":133,"column":58}},"50":{"start":{"line":135,"column":4},"end":{"line":153,"column":6}},"51":{"start":{"line":157,"column":0},"end":{"line":179,"column":2}},"52":{"start":{"line":181,"column":0},"end":{"line":185,"column":2}}},"fnMap":{"0":{"name":"(anonymous_0)","decl":{"start":{"line":12,"column":2},"end":{"line":12,"column":3}},"loc":{"start":{"line":12,"column":21},"end":{"line":22,"column":3}},"line":12},"1":{"name":"(anonymous_1)","decl":{"start":{"line":24,"column":2},"end":{"line":24,"column":3}},"loc":{"start":{"line":24,"column":22},"end":{"line":32,"column":3}},"line":24},"2":{"name":"(anonymous_2)","decl":{"start":{"line":34,"column":2},"end":{"line":34,"column":3}},"loc":{"start":{"line":34,"column":39},"end":{"line":37,"column":3}},"line":34},"3":{"name":"(anonymous_3)","decl":{"start":{"line":39,"column":16},"end":{"line":39,"column":17}},"loc":{"start":{"line":39,"column":22},"end":{"line":41,"column":3}},"line":39},"4":{"name":"(anonymous_4)","decl":{"start":{"line":43,"column":16},"end":{"line":43,"column":17}},"loc":{"start":{"line":43,"column":22},"end":{"line":45,"column":3}},"line":43},"5":{"name":"(anonymous_5)","decl":{"start":{"line":52,"column":17},"end":{"line":52,"column":18}},"loc":{"start":{"line":52,"column":41},"end":{"line":113,"column":3}},"line":52},"6":{"name":"pushBtn","decl":{"start":{"line":63,"column":13},"end":{"line":63,"column":20}},"loc":{"start":{"line":63,"column":31},"end":{"line":74,"column":5}},"line":63},"7":{"name":"(anonymous_7)","decl":{"start":{"line":70,"column":17},"end":{"line":70,"column":18}},"loc":{"start":{"line":70,"column":23},"end":{"line":70,"column":44}},"line":70},"8":{"name":"(anonymous_8)","decl":{"start":{"line":119,"column":11},"end":{"line":119,"column":12}},"loc":{"start":{"line":119,"column":24},"end":{"line":126,"column":3}},"line":119},"9":{"name":"(anonymous_9)","decl":{"start":{"line":128,"column":2},"end":{"line":128,"column":3}},"loc":{"start":{"line":128,"column":11},"end":{"line":154,"column":3}},"line":128}},"branchMap":{"0":{"loc":{"start":{"line":16,"column":19},"end":{"line":16,"column":39}},"type":"binary-expr","locations":[{"start":{"line":16,"column":19},"end":{"line":16,"column":34}},{"start":{"line":16,"column":38},"end":{"line":16,"column":39}}],"line":16},"1":{"loc":{"start":{"line":18,"column":17},"end":{"line":18,"column":42}},"type":"binary-expr","locations":[{"start":{"line":18,"column":17},"end":{"line":18,"column":37}},{"start":{"line":18,"column":41},"end":{"line":18,"column":42}}],"line":18},"2":{"loc":{"start":{"line":27,"column":4},"end":{"line":31,"column":5}},"type":"if","locations":[{"start":{"line":27,"column":4},"end":{"line":31,"column":5}},{"start":{"line":27,"column":4},"end":{"line":31,"column":5}}],"line":27},"3":{"loc":{"start":{"line":36,"column":22},"end":{"line":36,"column":31}},"type":"binary-expr","locations":[{"start":{"line":36,"column":22},"end":{"line":36,"column":26}},{"start":{"line":36,"column":30},"end":{"line":36,"column":31}}],"line":36},"4":{"loc":{"start":{"line":56,"column":4},"end":{"line":58,"column":5}},"type":"if","locations":[{"start":{"line":56,"column":4},"end":{"line":58,"column":5}},{"start":{"line":56,"column":4},"end":{"line":58,"column":5}}],"line":56},"5":{"loc":{"start":{"line":56,"column":8},"end":{"line":56,"column":60}},"type":"binary-expr","locations":[{"start":{"line":56,"column":8},"end":{"line":56,"column":28}},{"start":{"line":56,"column":32},"end":{"line":56,"column":60}}],"line":56},"6":{"loc":{"start":{"line":59,"column":4},"end":{"line":61,"column":5}},"type":"if","locations":[{"start":{"line":59,"column":4},"end":{"line":61,"column":5}},{"start":{"line":59,"column":4},"end":{"line":61,"column":5}}],"line":59},"7":{"loc":{"start":{"line":59,"column":8},"end":{"line":59,"column":43}},"type":"binary-expr","locations":[{"start":{"line":59,"column":8},"end":{"line":59,"column":19}},{"start":{"line":59,"column":23},"end":{"line":59,"column":43}}],"line":59},"8":{"loc":{"start":{"line":79,"column":4},"end":{"line":81,"column":5}},"type":"if","locations":[{"start":{"line":79,"column":4},"end":{"line":81,"column":5}},{"start":{"line":79,"column":4},"end":{"line":81,"column":5}}],"line":79},"9":{"loc":{"start":{"line":84,"column":4},"end":{"line":86,"column":5}},"type":"if","locations":[{"start":{"line":84,"column":4},"end":{"line":86,"column":5}},{"start":{"line":84,"column":4},"end":{"line":86,"column":5}}],"line":84},"10":{"loc":{"start":{"line":88,"column":4},"end":{"line":90,"column":5}},"type":"if","locations":[{"start":{"line":88,"column":4},"end":{"line":90,"column":5}},{"start":{"line":88,"column":4},"end":{"line":90,"column":5}}],"line":88},"11":{"loc":{"start":{"line":92,"column":4},"end":{"line":94,"column":5}},"type":"if","locations":[{"start":{"line":92,"column":4},"end":{"line":94,"column":5}},{"start":{"line":92,"column":4},"end":{"line":94,"column":5}}],"line":92},"12":{"loc":{"start":{"line":102,"column":4},"end":{"line":104,"column":5}},"type":"if","locations":[{"start":{"line":102,"column":4},"end":{"line":104,"column":5}},{"start":{"line":102,"column":4},"end":{"line":104,"column":5}}],"line":102},"13":{"loc":{"start":{"line":123,"column":4},"end":{"line":125,"column":5}},"type":"if","locations":[{"start":{"line":123,"column":4},"end":{"line":125,"column":5}},{"start":{"line":123,"column":4},"end":{"line":125,"column":5}}],"line":123},"14":{"loc":{"start":{"line":140,"column":19},"end":{"line":140,"column":61}},"type":"cond-expr","locations":[{"start":{"line":140,"column":38},"end":{"line":140,"column":42}},{"start":{"line":140,"column":45},"end":{"line":140,"column":61}}],"line":140},"15":{"loc":{"start":{"line":148,"column":19},"end":{"line":148,"column":68}},"type":"cond-expr","locations":[{"start":{"line":148,"column":45},"end":{"line":148,"column":49}},{"start":{"line":148,"column":52},"end":{"line":148,"column":68}}],"line":148}},"s":{"0":1,"1":1,"2":1,"3":1,"4":1,"5":1,"6":0,"7":0,"8":0,"9":0,"10":0,"11":2,"12":2,"13":2,"14":2,"15":0,"16":2,"17":0,"18":8,"19":8,"20":1,"21":2,"22":2,"23":1,"24":2,"25":2,"26":2,"27":1,"28":2,"29":2,"30":0,"31":2,"32":1,"33":2,"34":1,"35":2,"36":4,"37":2,"38":2,"39":2,"40":2,"41":2,"42":2,"43":2,"44":2,"45":0,"46":3,"47":3,"48":3,"49":3,"50":3,"51":1,"52":1},"f":{"0":1,"1":1,"2":0,"3":0,"4":0,"5":2,"6":8,"7":1,"8":2,"9":3},"b":{"0":[1,0],"1":[1,0],"2":[1,0],"3":[0,0],"4":[0,2],"5":[2,2],"6":[0,2],"7":[2,2],"8":[1,1],"9":[1,1],"10":[0,2],"11":[1,1],"12":[2,0],"13":[0,2],"14":[1,2],"15":[0,3]},"_coverageSchema":"332fd63041d2c1bcb487cc26dd0d5f7d97098a6c","hash":"86d98f8ce84715ffa61e0773e0f3768e85f1cd61"}
}
