TN:
SF:D:\myProgram\Udesk-storybook\storybook-react\components\index.js
FNF:0
FNH:0
LF:0
LH:0
BRF:0
BRH:0
end_of_record
TN:
SF:D:\myProgram\Udesk-storybook\storybook-react\components\Pagination\index.js
FN:12,(anonymous_0)
FN:24,(anonymous_1)
FN:34,(anonymous_2)
FN:39,(anonymous_3)
FN:43,(anonymous_4)
FN:52,(anonymous_5)
FN:63,pushBtn
FN:70,(anonymous_7)
FN:119,(anonymous_8)
FN:128,(anonymous_9)
FNF:10
FNH:7
FNDA:1,(anonymous_0)
FNDA:1,(anonymous_1)
FNDA:0,(anonymous_2)
FNDA:0,(anonymous_3)
FNDA:0,(anonymous_4)
FNDA:2,(anonymous_5)
FNDA:8,pushBtn
FNDA:1,(anonymous_7)
FNDA:2,(anonymous_8)
FNDA:3,(anonymous_9)
DA:13,1
DA:14,1
DA:25,1
DA:26,1
DA:27,1
DA:28,1
DA:30,0
DA:35,0
DA:36,0
DA:40,0
DA:44,0
DA:53,2
DA:54,2
DA:55,2
DA:56,2
DA:57,0
DA:59,2
DA:60,0
DA:64,8
DA:67,8
DA:70,1
DA:77,2
DA:79,2
DA:80,1
DA:82,2
DA:83,2
DA:84,2
DA:85,1
DA:87,2
DA:88,2
DA:89,0
DA:92,2
DA:93,1
DA:95,2
DA:96,1
DA:98,2
DA:99,4
DA:102,2
DA:103,2
DA:106,2
DA:108,2
DA:120,2
DA:121,2
DA:122,2
DA:123,2
DA:124,0
DA:129,3
DA:130,3
DA:131,3
DA:133,3
DA:135,3
DA:157,1
DA:181,1
LF:53
LH:44
BRDA:16,0,0,1
BRDA:16,0,1,0
BRDA:18,1,0,1
BRDA:18,1,1,0
BRDA:27,2,0,1
BRDA:27,2,1,0
BRDA:36,3,0,0
BRDA:36,3,1,0
BRDA:56,4,0,0
BRDA:56,4,1,2
BRDA:56,5,0,2
BRDA:56,5,1,2
BRDA:59,6,0,0
BRDA:59,6,1,2
BRDA:59,7,0,2
BRDA:59,7,1,2
BRDA:79,8,0,1
BRDA:79,8,1,1
BRDA:84,9,0,1
BRDA:84,9,1,1
BRDA:88,10,0,0
BRDA:88,10,1,2
BRDA:92,11,0,1
BRDA:92,11,1,1
BRDA:102,12,0,2
BRDA:102,12,1,0
BRDA:123,13,0,0
BRDA:123,13,1,2
BRDA:140,14,0,1
BRDA:140,14,1,2
BRDA:148,15,0,0
BRDA:148,15,1,3
BRF:32
BRH:21
end_of_record
